2022-04-26 00:23:15,736 alphaction INFO: Using 1 GPUs
2022-04-26 00:23:15,736 alphaction INFO: Namespace(adjust_lr=False, config_file='/root/baseline_zoo/AlphAction/config_files/test.yaml', distributed=False, local_rank=0, no_head=True, opts=['SOLVER.BASE_LR', '0.000125', 'SOLVER.STEPS', '(560000, 720000)', 'SOLVER.MAX_ITER', '880000', 'SOLVER.VIDEOS_PER_BATCH', '2', 'TEST.VIDEOS_PER_BATCH', '2'], seed=2, skip_test=False, skip_val=False, tfboard=True, transfer_weight=True)
2022-04-26 00:23:15,736 alphaction INFO: Collecting env info (might take some time)
2022-04-26 00:23:16,811 alphaction INFO: 
PyTorch version: 1.4.0
Is debug build: No
CUDA used to build PyTorch: 10.1

OS: Ubuntu 18.04.6 LTS
GCC version: (Ubuntu 7.5.0-3ubuntu1~18.04) 7.5.0
CMake version: version 3.10.2

Python version: 3.6
Is CUDA available: Yes
CUDA runtime version: 10.1.243
GPU models and configuration: 
GPU 0: NVIDIA GeForce RTX 2080
GPU 1: NVIDIA GeForce RTX 2080 Ti

Nvidia driver version: 510.60.02
cuDNN version: Could not collect

Versions of relevant libraries:
[pip3] numpy==1.19.5
[pip3] torch==1.4.0
[pip3] torchvision==0.5.0
[conda] Could not collect
2022-04-26 00:23:16,811 alphaction INFO: Loaded configuration file /root/baseline_zoo/AlphAction/config_files/test.yaml
2022-04-26 00:23:16,811 alphaction INFO: 
MODEL:
  WEIGHT: "data/models/pretrained_models/SlowFast-ResNet50-4x16.pth"
  BACKBONE:
    CONV_BODY: "Slowfast-Resnet50"
    FROZEN_BN: True
    SLOWFAST:
      BETA: 0.125
      LATERAL: "tconv"
      SLOW:
        ACTIVE: True
        CONV3_NONLOCAL: False
        CONV4_NONLOCAL: False
      FAST:
        ACTIVE: True
        CONV3_NONLOCAL: False
        CONV4_NONLOCAL: False
  NONLOCAL:
    USE_ZERO_INIT_CONV: False
    BN_INIT_GAMMA: 0.0
    FROZEN_BN: True
  ROI_ACTION_HEAD:
    FEATURE_EXTRACTOR: "2MLPFeatureExtractor"
    POOLER_TYPE: "align3d"
    MEAN_BEFORE_POOLER: True
    POOLER_RESOLUTION: 7
    POOLER_SCALE: 0.0625
    POOLER_SAMPLING_RATIO: 0
    NUM_CLASSES: 80
    PROPOSAL_PER_CLIP: 10
    DROPOUT_RATE: 0.2
  IA_STRUCTURE:
    ACTIVE: False
INPUT:
  FRAME_NUM: 64
  FRAME_SAMPLE_RATE: 1
  TAU: 16
  ALPHA: 8
  SLOW_JITTER: True
  COLOR_JITTER: True
DATASETS:
  TRAIN: ("lfv_robalo_train_ava_video",)
  TEST: ("lfv_robalo_val_ava_video",)
DATALOADER:
  NUM_WORKERS: 4
  SIZE_DIVISIBILITY: 16
SOLVER:
  BASE_LR: 0.0004
  WARMUP_FACTOR: 0.25
  BIAS_LR_FACTOR: 2
  WEIGHT_DECAY: 1e-7
  STEPS: (50000, 70000)
  WARMUP_ITERS: 2000
  MAX_ITER: 90000
  CHECKPOINT_PERIOD: 100
  EVAL_PERIOD: 100
  VIDEOS_PER_BATCH: 16
TEST:
  BOX_THRESH: 0.8
  ACTION_THRESH: 0.
  VIDEOS_PER_BATCH: 16
OUTPUT_DIR: "data/output/resnet50_4x16f_baseline_robalo"
2022-04-26 00:23:16,812 alphaction INFO: Running with config:
DATALOADER:
  ASPECT_RATIO_GROUPING: True
  NUM_WORKERS: 4
  SIZE_DIVISIBILITY: 16
DATASETS:
  TEST: ('lfv_robalo_val_ava_video',)
  TRAIN: ('lfv_robalo_train_ava_video',)
INPUT:
  ALPHA: 8
  COLOR_JITTER: True
  FRAME_NUM: 64
  FRAME_SAMPLE_RATE: 1
  HUE_JITTER: 20.0
  MAX_SIZE_TEST: 464
  MAX_SIZE_TRAIN: 464
  MIN_SIZE_TEST: 256
  MIN_SIZE_TRAIN: 256
  PIXEL_MEAN: [122.7717, 115.9465, 102.9801]
  PIXEL_STD: [57.375, 57.375, 57.375]
  SAT_JITTER: 0.1
  SLOW_JITTER: True
  TAU: 16
  TO_BGR: False
  VAL_JITTER: 0.1
MODEL:
  BACKBONE:
    BN_EPSILON: 1e-05
    BN_INIT_GAMMA: 0.0
    BN_MOMENTUM: 0.1
    CONV_BODY: Slowfast-Resnet50
    FROZEN_BN: True
    I3D:
      CONV3_GROUP_NL: False
      CONV3_NONLOCAL: True
      CONV4_NONLOCAL: True
    SLOWFAST:
      BETA: 0.125
      FAST:
        ACTIVE: True
        CONV3_GROUP_NL: False
        CONV3_NONLOCAL: False
        CONV4_NONLOCAL: False
      LATERAL: tconv
      SLOW:
        ACTIVE: True
        CONV3_GROUP_NL: False
        CONV3_NONLOCAL: False
        CONV4_NONLOCAL: False
  IA_STRUCTURE:
    ACTIVE: False
    CONV_INIT_STD: 0.01
    DIM_IN: 2304
    DIM_INNER: 512
    DIM_OUT: 512
    DROPOUT: 0.0
    FUSION: concat
    I_BLOCK_LIST: ['P', 'O', 'M', 'P', 'O', 'M']
    LAYER_NORM: False
    LENGTH: (30, 30)
    MAX_OBJECT: 0
    MAX_PERSON: 25
    MAX_PER_SEC: 5
    MEMORY_RATE: 1
    NO_BIAS: False
    PENALTY: True
    ROI_DIM_REDUCE: True
    STRUCTURE: serial
    TEMPORAL_POSITION: True
    USE_ZERO_INIT_CONV: True
  NONLOCAL:
    BN_EPSILON: 1e-05
    BN_INIT_GAMMA: 0.0
    BN_MOMENTUM: 0.1
    CONV_INIT_STD: 0.01
    FROZEN_BN: True
    NO_BIAS: False
    USE_BN: True
    USE_MAXPOOL: True
    USE_SCALE: True
    USE_SOFTMAX: True
    USE_ZERO_INIT_CONV: False
  ROI_ACTION_HEAD:
    DROPOUT_RATE: 0.2
    FEATURE_EXTRACTOR: 2MLPFeatureExtractor
    FOCAL_LOSS:
      ALPHA: -1.0
      GAMMA: 2.0
    MEAN_BEFORE_POOLER: True
    MLP_HEAD_DIM: 1024
    NUM_CLASSES: 80
    NUM_OBJECT_MANIPULATION_CLASSES: 49
    NUM_PERSON_INTERACTION_CLASSES: 17
    NUM_PERSON_MOVEMENT_CLASSES: 14
    OBJECT_LOSS_WEIGHT: 49.0
    PERSON_LOSS_WEIGHT: 17.0
    POOLER_RESOLUTION: 7
    POOLER_SAMPLING_RATIO: 0
    POOLER_SCALE: 0.0625
    POOLER_TYPE: align3d
    POSE_LOSS_WEIGHT: 1.2
    PREDICTOR: FCPredictor
    PROPOSAL_PER_CLIP: 10
  WEIGHT: data/models/pretrained_models/SlowFast-ResNet50-4x16.pth
OUTPUT_DIR: data/output/resnet50_4x16f_baseline_robalo
SOLVER:
  BASE_LR: 0.000125
  BIAS_LR_FACTOR: 2
  CHECKPOINT_PERIOD: 100
  EVAL_PERIOD: 100
  GAMMA: 0.1
  IA_LR_FACTOR: 1.0
  MAX_ITER: 880000
  MOMENTUM: 0.9
  SCHEDULER: warmup_multi_step
  STEPS: (560000, 720000)
  VIDEOS_PER_BATCH: 2
  WARMUP_FACTOR: 0.25
  WARMUP_ITERS: 2000
  WARMUP_METHOD: linear
  WARMUP_ON: True
  WEIGHT_DECAY: 1e-07
  WEIGHT_DECAY_BIAS: 0.0
  WEIGHT_DECAY_BN: 0.0
TEST:
  ACTION_THRESH: 0.0
  BOX_THRESH: 0.8
  EXTEND_SCALE: (0.1, 0.05)
  VIDEOS_PER_BATCH: 2
2022-04-26 00:23:18,965 alphaction.utils.checkpoint INFO: Loading checkpoint from data/models/pretrained_models/SlowFast-ResNet50-4x16.pth
